{
  "RSpec": {
    "coverage": {
      "/home/joyvis/projects/teste_locaweb/spec/support/vcr_setup.rb": [
        null,
        null,
        1,
        null,
        1,
        1,
        1,
        1,
        null,
        1
      ],
      "/home/joyvis/projects/teste_locaweb/spec/business/filter_tweets_by_user_spec.rb": [
        null,
        null,
        1,
        null,
        1,
        1,
        2,
        null,
        null,
        3,
        1,
        null,
        1,
        3,
        null,
        1,
        1,
        null,
        null,
        null
      ],
      "/home/joyvis/projects/teste_locaweb/app/business/filter_tweets_by_user.rb": [
        null,
        null,
        1,
        1,
        null,
        1,
        3,
        null,
        null,
        1,
        3,
        null,
        null,
        null,
        1,
        3,
        12,
        12,
        null,
        12,
        null,
        null,
        null
      ],
      "/home/joyvis/projects/teste_locaweb/app/business/tweet_rules.rb": [
        null,
        null,
        1,
        1,
        1,
        null,
        1,
        81,
        null,
        null,
        1,
        null,
        122,
        27,
        null,
        null
      ],
      "/home/joyvis/projects/teste_locaweb/app/entities/user_tweet_entity.rb": [
        null,
        null,
        1,
        1,
        null,
        3,
        null,
        1,
        57,
        null,
        null
      ],
      "/home/joyvis/projects/teste_locaweb/spec/business/filter_tweets_spec.rb": [
        null,
        null,
        1,
        null,
        1,
        1,
        2,
        null,
        null,
        3,
        1,
        null,
        1,
        3,
        null,
        1,
        1,
        null,
        null,
        null
      ],
      "/home/joyvis/projects/teste_locaweb/app/business/filter_tweets.rb": [
        null,
        null,
        1,
        1,
        null,
        1,
        3,
        null,
        null,
        1,
        3,
        null,
        null,
        1,
        3,
        null,
        null
      ],
      "/home/joyvis/projects/teste_locaweb/app/entities/tweet_entity.rb": [
        null,
        null,
        1,
        1,
        null,
        null,
        null,
        null,
        10,
        null,
        1,
        1630,
        null,
        null
      ],
      "/home/joyvis/projects/teste_locaweb/spec/business/tweet_rules_spec.rb": [
        null,
        null,
        1,
        null,
        1,
        1,
        15,
        null,
        null,
        16,
        1,
        null,
        1,
        13,
        null,
        1,
        1,
        3,
        null,
        null,
        1,
        2,
        null,
        null,
        1,
        1,
        4,
        4,
        null,
        null,
        1,
        2,
        2,
        null,
        null,
        1,
        1,
        null,
        5,
        null,
        5,
        5,
        null,
        null,
        1,
        2,
        2,
        2,
        null,
        null,
        null,
        1,
        4,
        null,
        1,
        1,
        null,
        3,
        null,
        null,
        1,
        2,
        null,
        null,
        null
      ],
      "/home/joyvis/projects/teste_locaweb/spec/controllers/tweets_controller_spec.rb": [
        null,
        null,
        1,
        null,
        1,
        1,
        2,
        2,
        null,
        null,
        3,
        3,
        3,
        null,
        1,
        2,
        null,
        1,
        1,
        1,
        null,
        null,
        null,
        1,
        2,
        null,
        1,
        1,
        1,
        null,
        null,
        null
      ],
      "/home/joyvis/projects/teste_locaweb/app/controllers/tweets_controller.rb": [
        null,
        null,
        1,
        1,
        1,
        null,
        null,
        1,
        1,
        null,
        null
      ],
      "/home/joyvis/projects/teste_locaweb/app/controllers/application_controller.rb": [
        null,
        null,
        1,
        null
      ],
      "/home/joyvis/projects/teste_locaweb/spec/entities/tweet_entity_spec.rb": [
        null,
        null,
        1,
        null,
        1,
        1,
        null,
        null,
        null,
        null,
        null,
        null,
        null,
        null,
        1,
        null,
        null,
        2,
        null,
        1,
        1,
        1,
        9,
        null,
        null,
        null,
        null
      ],
      "/home/joyvis/projects/teste_locaweb/spec/entities/user_tweet_entity_spec.rb": [
        null,
        null,
        1,
        null,
        1,
        1,
        null,
        1,
        null,
        null,
        2,
        null,
        1,
        1,
        1,
        2,
        null,
        null,
        null,
        null
      ],
      "/home/joyvis/projects/teste_locaweb/spec/repositories/twitter_repository_spec.rb": [
        null,
        null,
        1,
        null,
        1,
        1,
        2,
        null,
        null,
        null,
        3,
        1,
        null,
        null,
        null,
        2,
        null,
        null,
        1,
        2,
        2,
        null,
        1,
        1,
        1,
        1,
        null,
        null,
        null,
        null,
        1,
        1,
        1,
        null,
        null,
        2,
        null,
        1,
        1,
        1,
        1,
        1,
        null,
        null,
        null,
        null
      ],
      "/home/joyvis/projects/teste_locaweb/app/repositories/twitter_repository.rb": [
        null,
        null,
        1,
        1,
        1,
        1,
        1,
        3,
        null,
        null,
        null,
        1,
        1,
        1,
        1,
        2,
        null,
        null,
        null,
        1,
        null,
        1,
        1,
        1,
        3,
        3,
        2,
        null,
        3,
        null,
        1,
        null,
        null,
        1,
        null,
        null,
        null,
        null,
        null,
        null,
        null,
        null,
        6,
        null,
        null,
        1,
        12,
        null,
        null,
        1,
        6,
        null,
        null,
        null
      ],
      "/home/joyvis/projects/teste_locaweb/spec/services/twitter_service_spec.rb": [
        null,
        null,
        1,
        null,
        1,
        1,
        2,
        2,
        null,
        1,
        1,
        1,
        null,
        null,
        null,
        null,
        null,
        null
      ],
      "/home/joyvis/projects/teste_locaweb/app/services/twitter_service.rb": [
        null,
        null,
        1,
        1,
        1,
        1,
        null,
        1,
        1,
        null,
        null,
        null,
        1,
        null,
        null,
        1,
        null,
        1,
        1,
        null,
        null,
        1,
        1,
        51,
        null,
        null,
        null,
        1,
        95,
        null,
        null,
        null
      ],
      "/home/joyvis/projects/teste_locaweb/app/services/service.rb": [
        null,
        null,
        1,
        1,
        1,
        2,
        null,
        null,
        null
      ]
    },
    "timestamp": 1528683655
  }
}
